  29_LoginRegister.cpp
C:\Users\USER\Desktop\Learn Programing\Problem-Solving\Programming-Advices\11-OOP-as-it-Should-Be-Applications\29_Bank System - Bank Extension 04\29_LoginRegister\29_LoginRegister\clsString.h(42,1): warning C4267: 'return': conversion from 'size_t' to 'short', possible loss of data
C:\Users\USER\Desktop\Learn Programing\Problem-Solving\Programming-Advices\11-OOP-as-it-Should-Be-Applications\29_Bank System - Bank Extension 04\29_LoginRegister\29_LoginRegister\clsString.h(47,1): warning C4267: 'return': conversion from 'size_t' to 'short', possible loss of data
C:\Users\USER\Desktop\Learn Programing\Problem-Solving\Programming-Advices\11-OOP-as-it-Should-Be-Applications\29_Bank System - Bank Extension 04\29_LoginRegister\29_LoginRegister\clsString.h(59,1): warning C4267: '=': conversion from 'size_t' to 'short', possible loss of data
C:\Users\USER\Desktop\Learn Programing\Problem-Solving\Programming-Advices\11-OOP-as-it-Should-Be-Applications\29_Bank System - Bank Extension 04\29_LoginRegister\29_LoginRegister\clsString.h(196,1): warning C4267: 'return': conversion from 'size_t' to 'short', possible loss of data
C:\Users\USER\Desktop\Learn Programing\Problem-Solving\Programming-Advices\11-OOP-as-it-Should-Be-Applications\29_Bank System - Bank Extension 04\29_LoginRegister\29_LoginRegister\clsString.h(327,1): warning C4267: '=': conversion from 'size_t' to 'short', possible loss of data
C:\Users\USER\Desktop\Learn Programing\Problem-Solving\Programming-Advices\11-OOP-as-it-Should-Be-Applications\29_Bank System - Bank Extension 04\29_LoginRegister\29_LoginRegister\clsString.h(375,1): warning C4267: 'initializing': conversion from 'size_t' to 'short', possible loss of data
C:\Users\USER\Desktop\Learn Programing\Problem-Solving\Programming-Advices\11-OOP-as-it-Should-Be-Applications\29_Bank System - Bank Extension 04\29_LoginRegister\29_LoginRegister\clsUser.h(187,5): warning C4240: nonstandard extension used: access to 'clsUser::stLoginRegisterRecord' now defined to be 'public', previously it was defined to be 'private'
C:\Users\USER\Desktop\Learn Programing\Problem-Solving\Programming-Advices\11-OOP-as-it-Should-Be-Applications\29_Bank System - Bank Extension 04\29_LoginRegister\29_LoginRegister\clsUser.h(23,12): message : see declaration of 'clsUser::stLoginRegisterRecord'
C:\Users\USER\Desktop\Learn Programing\Problem-Solving\Programming-Advices\11-OOP-as-it-Should-Be-Applications\29_Bank System - Bank Extension 04\29_LoginRegister\29_LoginRegister\clsInputValidate.h(114,16): warning C4244: 'initializing': conversion from 'double' to 'float', possible loss of data
C:\Users\USER\Desktop\Learn Programing\Problem-Solving\Programming-Advices\11-OOP-as-it-Should-Be-Applications\29_Bank System - Bank Extension 04\29_LoginRegister\29_LoginRegister\clsInputValidate.h(118,26): warning C4244: '=': conversion from 'double' to 'float', possible loss of data
C:\Users\USER\Desktop\Learn Programing\Problem-Solving\Programming-Advices\11-OOP-as-it-Should-Be-Applications\29_Bank System - Bank Extension 04\29_LoginRegister\29_LoginRegister\clsBankClient.h(28,65): warning C4244: 'argument': conversion from 'double' to 'float', possible loss of data
C:\Users\USER\Desktop\Learn Programing\Problem-Solving\Programming-Advices\11-OOP-as-it-Should-Be-Applications\29_Bank System - Bank Extension 04\29_LoginRegister\29_LoginRegister\clsBankClient.h(357,28): warning C4244: '+=': conversion from 'double' to 'float', possible loss of data
C:\Users\USER\Desktop\Learn Programing\Problem-Solving\Programming-Advices\11-OOP-as-it-Should-Be-Applications\29_Bank System - Bank Extension 04\29_LoginRegister\29_LoginRegister\clsBankClient.h(369,32): warning C4244: '-=': conversion from 'double' to 'float', possible loss of data
C:\Users\USER\Desktop\Learn Programing\Problem-Solving\Programming-Advices\11-OOP-as-it-Should-Be-Applications\29_Bank System - Bank Extension 04\29_LoginRegister\29_LoginRegister\clsAddNewClientScreen.h(30,66): warning C4244: 'argument': conversion from 'double' to 'float', possible loss of data
C:\Users\USER\Desktop\Learn Programing\Problem-Solving\Programming-Advices\11-OOP-as-it-Should-Be-Applications\29_Bank System - Bank Extension 04\29_LoginRegister\29_LoginRegister\clsUpdateClientScreen.h(47,66): warning C4244: 'argument': conversion from 'double' to 'float', possible loss of data
C:\Users\USER\Desktop\Learn Programing\Problem-Solving\Programming-Advices\11-OOP-as-it-Should-Be-Applications\29_Bank System - Bank Extension 04\29_LoginRegister\29_LoginRegister\clsUtil.h(64,5): warning C4102: 'defualt': unreferenced label
C:\Users\USER\Desktop\Learn Programing\Problem-Solving\Programming-Advices\11-OOP-as-it-Should-Be-Applications\29_Bank System - Bank Extension 04\29_LoginRegister\29_LoginRegister\clsTotalBalancesScreen.h(57,82): warning C4244: 'argument': conversion from 'double' to 'int', possible loss of data
C:\Users\USER\Desktop\Learn Programing\Problem-Solving\Programming-Advices\11-OOP-as-it-Should-Be-Applications\29_Bank System - Bank Extension 04\29_LoginRegister\29_LoginRegister\clsBankClient.h(312): warning C4715: 'clsBankClient::Save': not all control paths return a value
C:\Users\USER\Desktop\Learn Programing\Problem-Solving\Programming-Advices\11-OOP-as-it-Should-Be-Applications\29_Bank System - Bank Extension 04\29_LoginRegister\29_LoginRegister\clsUser.h(344): warning C4715: 'clsUser::Save': not all control paths return a value
  29_LoginRegister.vcxproj -> C:\Users\USER\Desktop\Learn Programing\Problem-Solving\Programming-Advices\11-OOP-as-it-Should-Be-Applications\29_Bank System - Bank Extension 04\29_LoginRegister\x64\Debug\29_LoginRegister.exe
