  35_AbstractClass.cpp
C:\Users\USER\Desktop\Learn Programing\Problem-Solving\Programming-Advices\11-OOP-as-it-Should-Be-Applications\35_Bank System - Extension 10\35_AbstractClass\35_AbstractClass\clsString.h(42,1): warning C4267: 'return': conversion from 'size_t' to 'short', possible loss of data
C:\Users\USER\Desktop\Learn Programing\Problem-Solving\Programming-Advices\11-OOP-as-it-Should-Be-Applications\35_Bank System - Extension 10\35_AbstractClass\35_AbstractClass\clsString.h(47,1): warning C4267: 'return': conversion from 'size_t' to 'short', possible loss of data
C:\Users\USER\Desktop\Learn Programing\Problem-Solving\Programming-Advices\11-OOP-as-it-Should-Be-Applications\35_Bank System - Extension 10\35_AbstractClass\35_AbstractClass\clsString.h(59,1): warning C4267: '=': conversion from 'size_t' to 'short', possible loss of data
C:\Users\USER\Desktop\Learn Programing\Problem-Solving\Programming-Advices\11-OOP-as-it-Should-Be-Applications\35_Bank System - Extension 10\35_AbstractClass\35_AbstractClass\clsString.h(196,1): warning C4267: 'return': conversion from 'size_t' to 'short', possible loss of data
C:\Users\USER\Desktop\Learn Programing\Problem-Solving\Programming-Advices\11-OOP-as-it-Should-Be-Applications\35_Bank System - Extension 10\35_AbstractClass\35_AbstractClass\clsString.h(327,1): warning C4267: '=': conversion from 'size_t' to 'short', possible loss of data
C:\Users\USER\Desktop\Learn Programing\Problem-Solving\Programming-Advices\11-OOP-as-it-Should-Be-Applications\35_Bank System - Extension 10\35_AbstractClass\35_AbstractClass\clsString.h(375,1): warning C4267: 'initializing': conversion from 'size_t' to 'short', possible loss of data
C:\Users\USER\Desktop\Learn Programing\Problem-Solving\Programming-Advices\11-OOP-as-it-Should-Be-Applications\35_Bank System - Extension 10\35_AbstractClass\35_AbstractClass\clsUtil.h(64,5): warning C4102: 'defualt': unreferenced label
C:\Users\USER\Desktop\Learn Programing\Problem-Solving\Programming-Advices\11-OOP-as-it-Should-Be-Applications\35_Bank System - Extension 10\35_AbstractClass\35_AbstractClass\clsUser.h(199,5): warning C4240: nonstandard extension used: access to 'clsUser::stLoginRegisterRecord' now defined to be 'public', previously it was defined to be 'private'
C:\Users\USER\Desktop\Learn Programing\Problem-Solving\Programming-Advices\11-OOP-as-it-Should-Be-Applications\35_Bank System - Extension 10\35_AbstractClass\35_AbstractClass\clsUser.h(26,12): message : see declaration of 'clsUser::stLoginRegisterRecord'
C:\Users\USER\Desktop\Learn Programing\Problem-Solving\Programming-Advices\11-OOP-as-it-Should-Be-Applications\35_Bank System - Extension 10\35_AbstractClass\35_AbstractClass\clsInputValidate.h(114,16): warning C4244: 'initializing': conversion from 'double' to 'float', possible loss of data
C:\Users\USER\Desktop\Learn Programing\Problem-Solving\Programming-Advices\11-OOP-as-it-Should-Be-Applications\35_Bank System - Extension 10\35_AbstractClass\35_AbstractClass\clsInputValidate.h(118,26): warning C4244: '=': conversion from 'double' to 'float', possible loss of data
C:\Users\USER\Desktop\Learn Programing\Problem-Solving\Programming-Advices\11-OOP-as-it-Should-Be-Applications\35_Bank System - Extension 10\35_AbstractClass\35_AbstractClass\clsBankClient.h(207,5): warning C4240: nonstandard extension used: access to 'clsBankClient::stTrnsferLogRecord' now defined to be 'public', previously it was defined to be 'private'
C:\Users\USER\Desktop\Learn Programing\Problem-Solving\Programming-Advices\11-OOP-as-it-Should-Be-Applications\35_Bank System - Extension 10\35_AbstractClass\35_AbstractClass\clsBankClient.h(152,12): message : see declaration of 'clsBankClient::stTrnsferLogRecord'
C:\Users\USER\Desktop\Learn Programing\Problem-Solving\Programming-Advices\11-OOP-as-it-Should-Be-Applications\35_Bank System - Extension 10\35_AbstractClass\35_AbstractClass\clsBankClient.h(28,65): warning C4244: 'argument': conversion from 'double' to 'float', possible loss of data
C:\Users\USER\Desktop\Learn Programing\Problem-Solving\Programming-Advices\11-OOP-as-it-Should-Be-Applications\35_Bank System - Extension 10\35_AbstractClass\35_AbstractClass\clsBankClient.h(162,39): warning C4244: '=': conversion from 'double' to 'float', possible loss of data
C:\Users\USER\Desktop\Learn Programing\Problem-Solving\Programming-Advices\11-OOP-as-it-Should-Be-Applications\35_Bank System - Extension 10\35_AbstractClass\35_AbstractClass\clsBankClient.h(163,48): warning C4244: '=': conversion from 'double' to 'float', possible loss of data
C:\Users\USER\Desktop\Learn Programing\Problem-Solving\Programming-Advices\11-OOP-as-it-Should-Be-Applications\35_Bank System - Extension 10\35_AbstractClass\35_AbstractClass\clsBankClient.h(164,49): warning C4244: '=': conversion from 'double' to 'float', possible loss of data
C:\Users\USER\Desktop\Learn Programing\Problem-Solving\Programming-Advices\11-OOP-as-it-Should-Be-Applications\35_Bank System - Extension 10\35_AbstractClass\35_AbstractClass\clsBankClient.h(421,28): warning C4244: '+=': conversion from 'double' to 'float', possible loss of data
C:\Users\USER\Desktop\Learn Programing\Problem-Solving\Programming-Advices\11-OOP-as-it-Should-Be-Applications\35_Bank System - Extension 10\35_AbstractClass\35_AbstractClass\clsBankClient.h(434,32): warning C4244: '-=': conversion from 'double' to 'float', possible loss of data
C:\Users\USER\Desktop\Learn Programing\Problem-Solving\Programming-Advices\11-OOP-as-it-Should-Be-Applications\35_Bank System - Extension 10\35_AbstractClass\35_AbstractClass\clsAddNewClientScreen.h(30,66): warning C4244: 'argument': conversion from 'double' to 'float', possible loss of data
C:\Users\USER\Desktop\Learn Programing\Problem-Solving\Programming-Advices\11-OOP-as-it-Should-Be-Applications\35_Bank System - Extension 10\35_AbstractClass\35_AbstractClass\clsUpdateClientScreen.h(47,66): warning C4244: 'argument': conversion from 'double' to 'float', possible loss of data
C:\Users\USER\Desktop\Learn Programing\Problem-Solving\Programming-Advices\11-OOP-as-it-Should-Be-Applications\35_Bank System - Extension 10\35_AbstractClass\35_AbstractClass\clsTotalBalancesScreen.h(57,82): warning C4244: 'argument': conversion from 'double' to 'int', possible loss of data
C:\Users\USER\Desktop\Learn Programing\Problem-Solving\Programming-Advices\11-OOP-as-it-Should-Be-Applications\35_Bank System - Extension 10\35_AbstractClass\35_AbstractClass\clsTransferScreen.h(42,51): warning C4244: '=': conversion from 'double' to 'float', possible loss of data
C:\Users\USER\Desktop\Learn Programing\Problem-Solving\Programming-Advices\11-OOP-as-it-Should-Be-Applications\35_Bank System - Extension 10\35_AbstractClass\35_AbstractClass\clsTransferScreen.h(47,53): warning C4244: '=': conversion from 'double' to 'float', possible loss of data
C:\Users\USER\Desktop\Learn Programing\Problem-Solving\Programming-Advices\11-OOP-as-it-Should-Be-Applications\35_Bank System - Extension 10\35_AbstractClass\35_AbstractClass\clsBankClient.h(376): warning C4715: 'clsBankClient::Save': not all control paths return a value
C:\Users\USER\Desktop\Learn Programing\Problem-Solving\Programming-Advices\11-OOP-as-it-Should-Be-Applications\35_Bank System - Extension 10\35_AbstractClass\35_AbstractClass\clsBankClient.h(438): warning C4715: 'clsBankClient::Withdraw': not all control paths return a value
C:\Users\USER\Desktop\Learn Programing\Problem-Solving\Programming-Advices\11-OOP-as-it-Should-Be-Applications\35_Bank System - Extension 10\35_AbstractClass\35_AbstractClass\clsUser.h(360): warning C4715: 'clsUser::Save': not all control paths return a value
  35_AbstractClass.vcxproj -> C:\Users\USER\Desktop\Learn Programing\Problem-Solving\Programming-Advices\11-OOP-as-it-Should-Be-Applications\35_Bank System - Extension 10\35_AbstractClass\x64\Debug\35_AbstractClass.exe
