  30_Permission.cpp
C:\Users\USER\Desktop\Learn Programing\Problem-Solving\Programming-Advices\11-OOP-as-it-Should-Be-Applications\30_Bank System - Bank Extension 05\30_Permission\30_Permission\clsString.h(42,1): warning C4267: 'return': conversion from 'size_t' to 'short', possible loss of data
C:\Users\USER\Desktop\Learn Programing\Problem-Solving\Programming-Advices\11-OOP-as-it-Should-Be-Applications\30_Bank System - Bank Extension 05\30_Permission\30_Permission\clsString.h(47,1): warning C4267: 'return': conversion from 'size_t' to 'short', possible loss of data
C:\Users\USER\Desktop\Learn Programing\Problem-Solving\Programming-Advices\11-OOP-as-it-Should-Be-Applications\30_Bank System - Bank Extension 05\30_Permission\30_Permission\clsString.h(59,1): warning C4267: '=': conversion from 'size_t' to 'short', possible loss of data
C:\Users\USER\Desktop\Learn Programing\Problem-Solving\Programming-Advices\11-OOP-as-it-Should-Be-Applications\30_Bank System - Bank Extension 05\30_Permission\30_Permission\clsString.h(196,1): warning C4267: 'return': conversion from 'size_t' to 'short', possible loss of data
C:\Users\USER\Desktop\Learn Programing\Problem-Solving\Programming-Advices\11-OOP-as-it-Should-Be-Applications\30_Bank System - Bank Extension 05\30_Permission\30_Permission\clsString.h(327,1): warning C4267: '=': conversion from 'size_t' to 'short', possible loss of data
C:\Users\USER\Desktop\Learn Programing\Problem-Solving\Programming-Advices\11-OOP-as-it-Should-Be-Applications\30_Bank System - Bank Extension 05\30_Permission\30_Permission\clsString.h(375,1): warning C4267: 'initializing': conversion from 'size_t' to 'short', possible loss of data
C:\Users\USER\Desktop\Learn Programing\Problem-Solving\Programming-Advices\11-OOP-as-it-Should-Be-Applications\30_Bank System - Bank Extension 05\30_Permission\30_Permission\clsUser.h(188,5): warning C4240: nonstandard extension used: access to 'clsUser::stLoginRegisterRecord' now defined to be 'public', previously it was defined to be 'private'
C:\Users\USER\Desktop\Learn Programing\Problem-Solving\Programming-Advices\11-OOP-as-it-Should-Be-Applications\30_Bank System - Bank Extension 05\30_Permission\30_Permission\clsUser.h(23,12): message : see declaration of 'clsUser::stLoginRegisterRecord'
C:\Users\USER\Desktop\Learn Programing\Problem-Solving\Programming-Advices\11-OOP-as-it-Should-Be-Applications\30_Bank System - Bank Extension 05\30_Permission\30_Permission\clsInputValidate.h(114,16): warning C4244: 'initializing': conversion from 'double' to 'float', possible loss of data
C:\Users\USER\Desktop\Learn Programing\Problem-Solving\Programming-Advices\11-OOP-as-it-Should-Be-Applications\30_Bank System - Bank Extension 05\30_Permission\30_Permission\clsInputValidate.h(118,26): warning C4244: '=': conversion from 'double' to 'float', possible loss of data
C:\Users\USER\Desktop\Learn Programing\Problem-Solving\Programming-Advices\11-OOP-as-it-Should-Be-Applications\30_Bank System - Bank Extension 05\30_Permission\30_Permission\clsBankClient.h(28,65): warning C4244: 'argument': conversion from 'double' to 'float', possible loss of data
C:\Users\USER\Desktop\Learn Programing\Problem-Solving\Programming-Advices\11-OOP-as-it-Should-Be-Applications\30_Bank System - Bank Extension 05\30_Permission\30_Permission\clsBankClient.h(357,28): warning C4244: '+=': conversion from 'double' to 'float', possible loss of data
C:\Users\USER\Desktop\Learn Programing\Problem-Solving\Programming-Advices\11-OOP-as-it-Should-Be-Applications\30_Bank System - Bank Extension 05\30_Permission\30_Permission\clsBankClient.h(369,32): warning C4244: '-=': conversion from 'double' to 'float', possible loss of data
C:\Users\USER\Desktop\Learn Programing\Problem-Solving\Programming-Advices\11-OOP-as-it-Should-Be-Applications\30_Bank System - Bank Extension 05\30_Permission\30_Permission\clsAddNewClientScreen.h(30,66): warning C4244: 'argument': conversion from 'double' to 'float', possible loss of data
C:\Users\USER\Desktop\Learn Programing\Problem-Solving\Programming-Advices\11-OOP-as-it-Should-Be-Applications\30_Bank System - Bank Extension 05\30_Permission\30_Permission\clsUpdateClientScreen.h(47,66): warning C4244: 'argument': conversion from 'double' to 'float', possible loss of data
C:\Users\USER\Desktop\Learn Programing\Problem-Solving\Programming-Advices\11-OOP-as-it-Should-Be-Applications\30_Bank System - Bank Extension 05\30_Permission\30_Permission\clsUtil.h(64,5): warning C4102: 'defualt': unreferenced label
C:\Users\USER\Desktop\Learn Programing\Problem-Solving\Programming-Advices\11-OOP-as-it-Should-Be-Applications\30_Bank System - Bank Extension 05\30_Permission\30_Permission\clsTotalBalancesScreen.h(57,82): warning C4244: 'argument': conversion from 'double' to 'int', possible loss of data
C:\Users\USER\Desktop\Learn Programing\Problem-Solving\Programming-Advices\11-OOP-as-it-Should-Be-Applications\30_Bank System - Bank Extension 05\30_Permission\30_Permission\clsBankClient.h(312): warning C4715: 'clsBankClient::Save': not all control paths return a value
C:\Users\USER\Desktop\Learn Programing\Problem-Solving\Programming-Advices\11-OOP-as-it-Should-Be-Applications\30_Bank System - Bank Extension 05\30_Permission\30_Permission\clsUser.h(345): warning C4715: 'clsUser::Save': not all control paths return a value
  30_Permission.vcxproj -> C:\Users\USER\Desktop\Learn Programing\Problem-Solving\Programming-Advices\11-OOP-as-it-Should-Be-Applications\30_Bank System - Bank Extension 05\30_Permission\x64\Debug\30_Permission.exe
